Release 14.6 Map P.68d (nt64)
Xilinx Mapping Report File for Design 'top'

Design Information
------------------
Command Line   : map -intstyle ise -p xc7a100t-csg324-3 -w -logic_opt off -ol
high -t 1 -xt 0 -register_duplication off -r 4 -mt off -ir off -pr off -lc off
-power off -o top_map.ncd top.ngd top.pcf 
Target Device  : xc7a100t
Target Package : csg324
Target Speed   : -3
Mapper Version : artix7 -- $Revision: 1.55 $
Mapped Date    : Wed May 26 23:41:47 2021

Design Summary
--------------
Number of errors:      0
Number of warnings:    8
Slice Logic Utilization:
  Number of Slice Registers:                   886 out of 126,800    1%
    Number used as Flip Flops:                 885
    Number used as Latches:                      1
    Number used as Latch-thrus:                  0
    Number used as AND/OR logics:                0
  Number of Slice LUTs:                        717 out of  63,400    1%
    Number used as logic:                      410 out of  63,400    1%
      Number using O6 output only:             238
      Number using O5 output only:              71
      Number using O5 and O6:                  101
      Number used as ROM:                        0
    Number used as Memory:                     186 out of  19,000    1%
      Number used as Dual Port RAM:              0
      Number used as Single Port RAM:            0
      Number used as Shift Register:           186
        Number using O6 output only:           185
        Number using O5 output only:             0
        Number using O5 and O6:                  1
    Number used exclusively as route-thrus:    121
      Number with same-slice register load:    114
      Number with same-slice carry load:         7
      Number with other load:                    0

Slice Logic Distribution:
  Number of occupied Slices:                   373 out of  15,850    2%
  Number of LUT Flip Flop pairs used:        1,036
    Number with an unused Flip Flop:           277 out of   1,036   26%
    Number with an unused LUT:                 319 out of   1,036   30%
    Number of fully used LUT-FF pairs:         440 out of   1,036   42%
    Number of unique control sets:              78
    Number of slice register sites lost
      to control set restrictions:             351 out of 126,800    1%

  A LUT Flip Flop pair for this architecture represents one LUT paired with
  one Flip Flop within a slice.  A control set is a unique combination of
  clock, reset, set, and enable signals for a registered element.
  The Slice Logic Distribution report is not meaningful if the design is
  over-mapped for a non-slice resource or if Placement fails.
  OVERMAPPING of BRAM resources should be ignored if the design is
  over-mapped for a non-BRAM resource or if placement fails.

IO Utilization:
  Number of bonded IOBs:                        23 out of     210   10%
    Number of LOCed IOBs:                       23 out of      23  100%

Specific Feature Utilization:
  Number of RAMB36E1/FIFO36E1s:                 37 out of     135   27%
    Number using RAMB36E1 only:                 37
    Number using FIFO36E1 only:                  0
  Number of RAMB18E1/FIFO18E1s:                  0 out of     270    0%
  Number of BUFG/BUFGCTRLs:                      4 out of      32   12%
    Number used as BUFGs:                        4
    Number used as BUFGCTRLs:                    0
  Number of IDELAYE2/IDELAYE2_FINEDELAYs:        0 out of     300    0%
  Number of ILOGICE2/ILOGICE3/ISERDESE2s:        0 out of     300    0%
  Number of ODELAYE2/ODELAYE2_FINEDELAYs:        0
  Number of OLOGICE2/OLOGICE3/OSERDESE2s:        0 out of     300    0%
  Number of PHASER_IN/PHASER_IN_PHYs:            0 out of      24    0%
  Number of PHASER_OUT/PHASER_OUT_PHYs:          0 out of      24    0%
  Number of BSCANs:                              1 out of       4   25%
  Number of BUFHCEs:                             0 out of      96    0%
  Number of BUFRs:                               0 out of      24    0%
  Number of CAPTUREs:                            0 out of       1    0%
  Number of DNA_PORTs:                           0 out of       1    0%
  Number of DSP48E1s:                            0 out of     240    0%
  Number of EFUSE_USRs:                          0 out of       1    0%
  Number of FRAME_ECCs:                          0 out of       1    0%
  Number of IBUFDS_GTE2s:                        0 out of       4    0%
  Number of ICAPs:                               0 out of       2    0%
  Number of IDELAYCTRLs:                         0 out of       6    0%
  Number of IN_FIFOs:                            0 out of      24    0%
  Number of MMCME2_ADVs:                         0 out of       6    0%
  Number of OUT_FIFOs:                           0 out of      24    0%
  Number of PCIE_2_1s:                           0 out of       1    0%
  Number of PHASER_REFs:                         0 out of       6    0%
  Number of PHY_CONTROLs:                        0 out of       6    0%
  Number of PLLE2_ADVs:                          0 out of       6    0%
  Number of STARTUPs:                            0 out of       1    0%
  Number of XADCs:                               0 out of       1    0%

  Number of RPM macros:           10
Average Fanout of Non-Clock Nets:                4.92

Peak Memory Usage:  5095 MB
Total REAL time to MAP completion:  33 secs 
Total CPU time to MAP completion:   31 secs 

Table of Contents
-----------------
Section 1 - Errors
Section 2 - Warnings
Section 3 - Informational
Section 4 - Removed Logic Summary
Section 5 - Removed Logic
Section 6 - IOB Properties
Section 7 - RPMs
Section 8 - Guide Report
Section 9 - Area Group and Partition Summary
Section 10 - Timing Report
Section 11 - Configuration String Information
Section 12 - Control Set Information
Section 13 - Utilization by Hierarchy

Section 1 - Errors
------------------

Section 2 - Warnings
--------------------
WARNING:PhysDesignRules:372 - Gated clock. Clock net control0<13> is sourced by
   a combinatorial pin. This is not good design practice. Use the CE pin to
   control the loading of data into the flip-flop.
WARNING:PhysDesignRules:781 - PULLDOWN on an active net. PULLDOWN of comp
   ProtoComp66.PULL is set but the tri state is not configured. 
WARNING:PhysDesignRules:781 - PULLDOWN on an active net. PULLDOWN of comp
   ProtoComp66.PULL.1 is set but the tri state is not configured. 
WARNING:PhysDesignRules:781 - PULLDOWN on an active net. PULLDOWN of comp
   ProtoComp66.PULL.2 is set but the tri state is not configured. 
WARNING:PhysDesignRules:781 - PULLDOWN on an active net. PULLDOWN of comp
   ProtoComp66.PULL.3 is set but the tri state is not configured. 
WARNING:PhysDesignRules:781 - PULLDOWN on an active net. PULLDOWN of comp
   ProtoComp66.PULL.4 is set but the tri state is not configured. 
WARNING:PhysDesignRules:781 - PULLDOWN on an active net. PULLDOWN of comp
   ProtoComp66.PULL.5 is set but the tri state is not configured. 
WARNING:PhysDesignRules:781 - PULLDOWN on an active net. PULLDOWN of comp
   ProtoComp66.PULL.6 is set but the tri state is not configured. 

Section 3 - Informational
-------------------------
INFO:LIT:243 - Logical network control0<35> has no load.
INFO:LIT:395 - The above info message is repeated 23 more times for the
   following (max. 5 shown):
   control0<34>,
   control0<33>,
   control0<32>,
   control0<31>,
   control0<30>
   To see the details of these info messages, please use the -detail switch.
INFO:LIT:244 - All of the single ended outputs in this design are using slew
   rate limited output drivers. The delay on speed critical single ended outputs
   can be dramatically reduced by designating them as fast outputs.
INFO:Pack:1716 - Initializing temperature to 85.000 Celsius. (default - Range:
   0.000 to 85.000 Celsius)
INFO:Pack:1720 - Initializing voltage to 0.950 Volts. (default - Range: 0.950 to
   1.050 Volts)
INFO:Map:215 - The Interim Design Summary has been generated in the MAP Report
   (.mrp).
INFO:Pack:1650 - Map created a placed design.

Section 4 - Removed Logic Summary
---------------------------------
  46 block(s) removed
 112 block(s) optimized away
  32 signal(s) removed

Section 5 - Removed Logic
-------------------------

The trimmed logic report below shows the logic removed from your design due to
sourceless or loadless signals, and VCC or ground connections.  If the removal
of a signal or symbol results in the subsequent removal of an additional signal
or symbol, the message explaining that second removal will be indented.  This
indentation will be repeated as a chain of related logic is removed.

To quickly locate the original cause for the removal of a chain of logic, look
above the place where that logic is listed in the trimming report, then locate
the lines that are least indented (begin at the leftmost edge).

Loadless block "debug_inst.ila_inst/U0/I_NO_D.U_ILA/U_STAT/U_DSR" (ROM) removed.
Loadless block
"debug_inst.ila_inst/U0/I_NO_D.U_ILA/U_TRIG/U_TC/I_STORAGE_QUAL.U_CAP_B" (ROM)
removed.
Loadless block
"debug_inst.your_instance_name/U0/U_ICON/U_CMD/U_CORE_ID_SEL/I4.FI[10].U_LUT"
(ROM) removed.
Loadless block
"debug_inst.your_instance_name/U0/U_ICON/U_CMD/U_CORE_ID_SEL/I4.FI[11].U_LUT"
(ROM) removed.
Loadless block
"debug_inst.your_instance_name/U0/U_ICON/U_CMD/U_CORE_ID_SEL/I4.FI[12].U_LUT"
(ROM) removed.
Loadless block
"debug_inst.your_instance_name/U0/U_ICON/U_CMD/U_CORE_ID_SEL/I4.FI[13].U_LUT"
(ROM) removed.
Loadless block
"debug_inst.your_instance_name/U0/U_ICON/U_CMD/U_CORE_ID_SEL/I4.FI[14].U_LUT"
(ROM) removed.
Loadless block
"debug_inst.your_instance_name/U0/U_ICON/U_CMD/U_CORE_ID_SEL/I4.FI[1].U_LUT"
(ROM) removed.
Loadless block
"debug_inst.your_instance_name/U0/U_ICON/U_CMD/U_CORE_ID_SEL/I4.FI[2].U_LUT"
(ROM) removed.
Loadless block
"debug_inst.your_instance_name/U0/U_ICON/U_CMD/U_CORE_ID_SEL/I4.FI[3].U_LUT"
(ROM) removed.
Loadless block
"debug_inst.your_instance_name/U0/U_ICON/U_CMD/U_CORE_ID_SEL/I4.FI[4].U_LUT"
(ROM) removed.
Loadless block
"debug_inst.your_instance_name/U0/U_ICON/U_CMD/U_CORE_ID_SEL/I4.FI[5].U_LUT"
(ROM) removed.
Loadless block
"debug_inst.your_instance_name/U0/U_ICON/U_CMD/U_CORE_ID_SEL/I4.FI[6].U_LUT"
(ROM) removed.
Loadless block
"debug_inst.your_instance_name/U0/U_ICON/U_CMD/U_CORE_ID_SEL/I4.FI[7].U_LUT"
(ROM) removed.
Loadless block
"debug_inst.your_instance_name/U0/U_ICON/U_CMD/U_CORE_ID_SEL/I4.FI[8].U_LUT"
(ROM) removed.
Loadless block
"debug_inst.your_instance_name/U0/U_ICON/U_CMD/U_CORE_ID_SEL/I4.FI[9].U_LUT"
(ROM) removed.
The signal "control0<35>" is sourceless and has been removed.
The signal "control0<34>" is sourceless and has been removed.
The signal "control0<33>" is sourceless and has been removed.
The signal "control0<32>" is sourceless and has been removed.
The signal "control0<31>" is sourceless and has been removed.
The signal "control0<30>" is sourceless and has been removed.
The signal "control0<29>" is sourceless and has been removed.
The signal "control0<28>" is sourceless and has been removed.
The signal "control0<27>" is sourceless and has been removed.
The signal "control0<26>" is sourceless and has been removed.
The signal "control0<25>" is sourceless and has been removed.
The signal "control0<24>" is sourceless and has been removed.
The signal "control0<23>" is sourceless and has been removed.
The signal "control0<22>" is sourceless and has been removed.
The signal "control0<19>" is sourceless and has been removed.
The signal "control0<18>" is sourceless and has been removed.
The signal "control0<17>" is sourceless and has been removed.
The signal "control0<16>" is sourceless and has been removed.
The signal "control0<15>" is sourceless and has been removed.
The signal "control0<11>" is sourceless and has been removed.
The signal "control0<10>" is sourceless and has been removed.
The signal "control0<7>" is sourceless and has been removed.
The signal
"debug_inst.ila_inst/U0/I_NO_D.U_ILA/U_TRIG/U_TM/G_NMU[0].U_M/U_MU/I_MUT_GANDX.U
_match/I_CS_GANDX.U_CS_GANDX_SRL/I_A7.U_CS_GANDX_SRL_A7/U_CS_GAND_SRL_A7/I_USE_R
PM_NE0.U_GAND_SRL_SET/SRL_Q_O" is sourceless and has been removed.
The signal
"debug_inst.ila_inst/U0/I_NO_D.U_ILA/U_TRIG/U_TM/G_NMU[1].U_M/U_MU/I_MUT_GANDX.U
_match/I_CS_GANDX.U_CS_GANDX_SRL/I_A7.U_CS_GANDX_SRL_A7/U_CS_GAND_SRL_A7/I_USE_R
PM_NE0.U_GAND_SRL_SET/SRL_Q_O" is sourceless and has been removed.
The signal "debug_inst.your_instance_name/U0/U_ICON/iCOMMAND_SEL<15>" is
sourceless and has been removed.
 Sourceless block
"debug_inst.your_instance_name/U0/U_ICON/U_CTRL_OUT/F_NCP[0].F_CMD[15].U_HCE"
(ROM) removed.
 Sourceless block
"debug_inst.your_instance_name/U0/U_ICON/U_CTRL_OUT/F_NCP[0].F_CMD[15].U_LCE"
(ROM) removed.
The signal "debug_inst.your_instance_name/U0/U_ICON/iCOMMAND_SEL<14>" is
sourceless and has been removed.
 Sourceless block
"debug_inst.your_instance_name/U0/U_ICON/U_CTRL_OUT/F_NCP[0].F_CMD[14].U_HCE"
(ROM) removed.
 Sourceless block
"debug_inst.your_instance_name/U0/U_ICON/U_CTRL_OUT/F_NCP[0].F_CMD[14].U_LCE"
(ROM) removed.
The signal "debug_inst.your_instance_name/U0/U_ICON/iCOMMAND_SEL<13>" is
sourceless and has been removed.
 Sourceless block
"debug_inst.your_instance_name/U0/U_ICON/U_CTRL_OUT/F_NCP[0].F_CMD[13].U_HCE"
(ROM) removed.
 Sourceless block
"debug_inst.your_instance_name/U0/U_ICON/U_CTRL_OUT/F_NCP[0].F_CMD[13].U_LCE"
(ROM) removed.
The signal "debug_inst.your_instance_name/U0/U_ICON/iCOMMAND_SEL<12>" is
sourceless and has been removed.
 Sourceless block
"debug_inst.your_instance_name/U0/U_ICON/U_CTRL_OUT/F_NCP[0].F_CMD[12].U_HCE"
(ROM) removed.
 Sourceless block
"debug_inst.your_instance_name/U0/U_ICON/U_CTRL_OUT/F_NCP[0].F_CMD[12].U_LCE"
(ROM) removed.
The signal "debug_inst.your_instance_name/U0/U_ICON/iCOMMAND_SEL<11>" is
sourceless and has been removed.
 Sourceless block
"debug_inst.your_instance_name/U0/U_ICON/U_CTRL_OUT/F_NCP[0].F_CMD[11].U_HCE"
(ROM) removed.
 Sourceless block
"debug_inst.your_instance_name/U0/U_ICON/U_CTRL_OUT/F_NCP[0].F_CMD[11].U_LCE"
(ROM) removed.
The signal "debug_inst.your_instance_name/U0/U_ICON/iCOMMAND_SEL<7>" is
sourceless and has been removed.
 Sourceless block
"debug_inst.your_instance_name/U0/U_ICON/U_CTRL_OUT/F_NCP[0].F_CMD[7].U_HCE"
(ROM) removed.
 Sourceless block
"debug_inst.your_instance_name/U0/U_ICON/U_CTRL_OUT/F_NCP[0].F_CMD[7].U_LCE"
(ROM) removed.
The signal "debug_inst.your_instance_name/U0/U_ICON/iCOMMAND_SEL<6>" is
sourceless and has been removed.
 Sourceless block
"debug_inst.your_instance_name/U0/U_ICON/U_CTRL_OUT/F_NCP[0].F_CMD[6].U_HCE"
(ROM) removed.
 Sourceless block
"debug_inst.your_instance_name/U0/U_ICON/U_CTRL_OUT/F_NCP[0].F_CMD[6].U_LCE"
(ROM) removed.
The signal "debug_inst.your_instance_name/U0/U_ICON/iCOMMAND_SEL<3>" is
sourceless and has been removed.
 Sourceless block
"debug_inst.your_instance_name/U0/U_ICON/U_CTRL_OUT/F_NCP[0].F_CMD[3].U_HCE"
(ROM) removed.
 Sourceless block
"debug_inst.your_instance_name/U0/U_ICON/U_CTRL_OUT/F_NCP[0].F_CMD[3].U_LCE"
(ROM) removed.
Unused block
"debug_inst.your_instance_name/U0/U_ICON/U_CMD/U_COMMAND_SEL/I4.FI[11].U_LUT"
(ROM) removed.
Unused block
"debug_inst.your_instance_name/U0/U_ICON/U_CMD/U_COMMAND_SEL/I4.FI[12].U_LUT"
(ROM) removed.
Unused block
"debug_inst.your_instance_name/U0/U_ICON/U_CMD/U_COMMAND_SEL/I4.FI[13].U_LUT"
(ROM) removed.
Unused block
"debug_inst.your_instance_name/U0/U_ICON/U_CMD/U_COMMAND_SEL/I4.FI[14].U_LUT"
(ROM) removed.
Unused block
"debug_inst.your_instance_name/U0/U_ICON/U_CMD/U_COMMAND_SEL/I4.FI[15].U_LUT"
(ROM) removed.
Unused block
"debug_inst.your_instance_name/U0/U_ICON/U_CMD/U_COMMAND_SEL/I4.FI[3].U_LUT"
(ROM) removed.
Unused block
"debug_inst.your_instance_name/U0/U_ICON/U_CMD/U_COMMAND_SEL/I4.FI[6].U_LUT"
(ROM) removed.
Unused block
"debug_inst.your_instance_name/U0/U_ICON/U_CMD/U_COMMAND_SEL/I4.FI[7].U_LUT"
(ROM) removed.
Unused block
"debug_inst.your_instance_name/U0/U_ICON/U_CTRL_OUT/F_NCP[0].F_CMD[10].U_HCE"
(ROM) removed.
Unused block
"debug_inst.your_instance_name/U0/U_ICON/U_CTRL_OUT/F_NCP[0].F_CMD[2].U_HCE"
(ROM) removed.
Unused block
"debug_inst.your_instance_name/U0/U_ICON/U_CTRL_OUT/F_NCP[0].F_CMD[4].U_HCE"
(ROM) removed.
Unused block
"debug_inst.your_instance_name/U0/U_ICON/U_CTRL_OUT/F_NCP[0].F_CMD[5].U_HCE"
(ROM) removed.
Unused block
"debug_inst.your_instance_name/U0/U_ICON/U_CTRL_OUT/F_NCP[0].F_CMD[8].U_HCE"
(ROM) removed.
Unused block
"debug_inst.your_instance_name/U0/U_ICON/U_CTRL_OUT/F_NCP[0].F_CMD[9].U_HCE"
(ROM) removed.

Optimized Block(s):
TYPE 		BLOCK
GND 		XST_GND
VCC 		XST_VCC
GND
		debug_inst.ila_inst/U0/I_NO_D.U_ILA/U_G2_SQ.U_CAPCTRL/U_CAP_ADDRGEN/U_SCNT_CMP
/I_CS_GAND.U_CS_GAND_SRL/I_A7.U_CS_GAND_SRL_A7/I_USE_RPM_NE0.U_GAND_SRL_SET/I_PA
RTIAL_SLICE.U_GAND_SRL_SLICE/XST_GND
VCC
		debug_inst.ila_inst/U0/I_NO_D.U_ILA/U_G2_SQ.U_CAPCTRL/U_CAP_ADDRGEN/U_SCNT_CMP
/I_CS_GAND.U_CS_GAND_SRL/I_A7.U_CS_GAND_SRL_A7/I_USE_RPM_NE0.U_GAND_SRL_SET/I_PA
RTIAL_SLICE.U_GAND_SRL_SLICE/XST_VCC
VCC
		debug_inst.ila_inst/U0/I_NO_D.U_ILA/U_G2_SQ.U_CAPCTRL/U_CAP_ADDRGEN/U_SCNT_CMP
/I_CS_GAND.U_CS_GAND_SRL/I_A7.U_CS_GAND_SRL_A7/I_USE_RPM_NE0.U_GAND_SRL_SET/XST_
VCC
GND
		debug_inst.ila_inst/U0/I_NO_D.U_ILA/U_G2_SQ.U_CAPCTRL/U_CAP_ADDRGEN/U_WCNT_HCM
P/I_CS_GAND.U_CS_GAND_SRL/I_A7.U_CS_GAND_SRL_A7/I_USE_RPM_NE0.U_GAND_SRL_SET/I_P
ARTIAL_SLICE.U_GAND_SRL_SLICE/XST_GND
VCC
		debug_inst.ila_inst/U0/I_NO_D.U_ILA/U_G2_SQ.U_CAPCTRL/U_CAP_ADDRGEN/U_WCNT_HCM
P/I_CS_GAND.U_CS_GAND_SRL/I_A7.U_CS_GAND_SRL_A7/I_USE_RPM_NE0.U_GAND_SRL_SET/I_P
ARTIAL_SLICE.U_GAND_SRL_SLICE/XST_VCC
VCC
		debug_inst.ila_inst/U0/I_NO_D.U_ILA/U_G2_SQ.U_CAPCTRL/U_CAP_ADDRGEN/U_WCNT_HCM
P/I_CS_GAND.U_CS_GAND_SRL/I_A7.U_CS_GAND_SRL_A7/I_USE_RPM_NE0.U_GAND_SRL_SET/XST
_VCC
GND
		debug_inst.ila_inst/U0/I_NO_D.U_ILA/U_G2_SQ.U_CAPCTRL/U_CAP_ADDRGEN/U_WCNT_LCM
P/I_CS_GAND.U_CS_GAND_SRL/I_A7.U_CS_GAND_SRL_A7/I_USE_RPM_NE0.U_GAND_SRL_SET/I_P
ARTIAL_SLICE.U_GAND_SRL_SLICE/XST_GND
VCC
		debug_inst.ila_inst/U0/I_NO_D.U_ILA/U_G2_SQ.U_CAPCTRL/U_CAP_ADDRGEN/U_WCNT_LCM
P/I_CS_GAND.U_CS_GAND_SRL/I_A7.U_CS_GAND_SRL_A7/I_USE_RPM_NE0.U_GAND_SRL_SET/I_P
ARTIAL_SLICE.U_GAND_SRL_SLICE/XST_VCC
VCC
		debug_inst.ila_inst/U0/I_NO_D.U_ILA/U_G2_SQ.U_CAPCTRL/U_CAP_ADDRGEN/U_WCNT_LCM
P/I_CS_GAND.U_CS_GAND_SRL/I_A7.U_CS_GAND_SRL_A7/I_USE_RPM_NE0.U_GAND_SRL_SET/XST
_VCC
GND
		debug_inst.ila_inst/U0/I_NO_D.U_ILA/U_TRIG/U_TM/G_NMU[0].U_M/U_MU/I_MUT_GANDX.
U_match/I_CS_GANDX.U_CS_GANDX_SRL/I_A7.U_CS_GANDX_SRL_A7/U_CS_GAND_SRL_A7/I_USE_
RPM_NE0.U_GAND_SRL_SET/I_WHOLE_SLICE.G_SLICE_IDX[0].U_GAND_SRL_SLICE/XST_GND
VCC
		debug_inst.ila_inst/U0/I_NO_D.U_ILA/U_TRIG/U_TM/G_NMU[0].U_M/U_MU/I_MUT_GANDX.
U_match/I_CS_GANDX.U_CS_GANDX_SRL/I_A7.U_CS_GANDX_SRL_A7/U_CS_GAND_SRL_A7/I_USE_
RPM_NE0.U_GAND_SRL_SET/I_WHOLE_SLICE.G_SLICE_IDX[0].U_GAND_SRL_SLICE/XST_VCC
GND
		debug_inst.ila_inst/U0/I_NO_D.U_ILA/U_TRIG/U_TM/G_NMU[0].U_M/U_MU/I_MUT_GANDX.
U_match/I_CS_GANDX.U_CS_GANDX_SRL/I_A7.U_CS_GANDX_SRL_A7/U_CS_GAND_SRL_A7/I_USE_
RPM_NE0.U_GAND_SRL_SET/I_WHOLE_SLICE.G_SLICE_IDX[1].U_GAND_SRL_SLICE/XST_GND
GND
		debug_inst.ila_inst/U0/I_NO_D.U_ILA/U_TRIG/U_TM/G_NMU[0].U_M/U_MU/I_MUT_GANDX.
U_match/I_CS_GANDX.U_CS_GANDX_SRL/I_A7.U_CS_GANDX_SRL_A7/U_CS_GAND_SRL_A7/I_USE_
RPM_NE0.U_GAND_SRL_SET/I_WHOLE_SLICE.G_SLICE_IDX[2].U_GAND_SRL_SLICE/XST_GND
GND
		debug_inst.ila_inst/U0/I_NO_D.U_ILA/U_TRIG/U_TM/G_NMU[0].U_M/U_MU/I_MUT_GANDX.
U_match/I_CS_GANDX.U_CS_GANDX_SRL/I_A7.U_CS_GANDX_SRL_A7/U_CS_GAND_SRL_A7/I_USE_
RPM_NE0.U_GAND_SRL_SET/I_WHOLE_SLICE.G_SLICE_IDX[3].U_GAND_SRL_SLICE/XST_GND
GND
		debug_inst.ila_inst/U0/I_NO_D.U_ILA/U_TRIG/U_TM/G_NMU[0].U_M/U_MU/I_MUT_GANDX.
U_match/I_CS_GANDX.U_CS_GANDX_SRL/I_A7.U_CS_GANDX_SRL_A7/U_CS_GAND_SRL_A7/I_USE_
RPM_NE0.U_GAND_SRL_SET/I_WHOLE_SLICE.G_SLICE_IDX[4].U_GAND_SRL_SLICE/XST_GND
GND
		debug_inst.ila_inst/U0/I_NO_D.U_ILA/U_TRIG/U_TM/G_NMU[0].U_M/U_MU/I_MUT_GANDX.
U_match/I_CS_GANDX.U_CS_GANDX_SRL/I_A7.U_CS_GANDX_SRL_A7/U_CS_GAND_SRL_A7/I_USE_
RPM_NE0.U_GAND_SRL_SET/I_WHOLE_SLICE.G_SLICE_IDX[5].U_GAND_SRL_SLICE/XST_GND
GND
		debug_inst.ila_inst/U0/I_NO_D.U_ILA/U_TRIG/U_TM/G_NMU[0].U_M/U_MU/I_MUT_GANDX.
U_match/I_CS_GANDX.U_CS_GANDX_SRL/I_A7.U_CS_GANDX_SRL_A7/U_CS_GAND_SRL_A7/I_USE_
RPM_NE0.U_GAND_SRL_SET/I_WHOLE_SLICE.G_SLICE_IDX[6].U_GAND_SRL_SLICE/XST_GND
GND
		debug_inst.ila_inst/U0/I_NO_D.U_ILA/U_TRIG/U_TM/G_NMU[0].U_M/U_MU/I_MUT_GANDX.
U_match/I_CS_GANDX.U_CS_GANDX_SRL/I_A7.U_CS_GANDX_SRL_A7/U_CS_GAND_SRL_A7/I_USE_
RPM_NE0.U_GAND_SRL_SET/I_WHOLE_SLICE.G_SLICE_IDX[7].U_GAND_SRL_SLICE/XST_GND
GND
		debug_inst.ila_inst/U0/I_NO_D.U_ILA/U_TRIG/U_TM/G_NMU[0].U_M/U_MU/I_MUT_GANDX.
U_match/I_CS_GANDX.U_CS_GANDX_SRL/I_A7.U_CS_GANDX_SRL_A7/U_CS_GAND_SRL_A7/I_USE_
RPM_NE0.U_GAND_SRL_SET/I_WHOLE_SLICE.G_SLICE_IDX[8].U_GAND_SRL_SLICE/XST_GND
GND
		debug_inst.ila_inst/U0/I_NO_D.U_ILA/U_TRIG/U_TM/G_NMU[0].U_M/U_MU/I_MUT_GANDX.
U_match/I_CS_GANDX.U_CS_GANDX_SRL/I_A7.U_CS_GANDX_SRL_A7/U_CS_GAND_SRL_A7/I_USE_
RPM_NE0.U_GAND_SRL_SET/I_WHOLE_SLICE.G_SLICE_IDX[9].U_GAND_SRL_SLICE/XST_GND
VCC
		debug_inst.ila_inst/U0/I_NO_D.U_ILA/U_TRIG/U_TM/G_NMU[0].U_M/U_MU/I_MUT_GANDX.
U_match/I_CS_GANDX.U_CS_GANDX_SRL/I_A7.U_CS_GANDX_SRL_A7/U_CS_GAND_SRL_A7/I_USE_
RPM_NE0.U_GAND_SRL_SET/I_WHOLE_SLICE.G_SLICE_IDX[9].U_GAND_SRL_SLICE/XST_VCC
GND
		debug_inst.ila_inst/U0/I_NO_D.U_ILA/U_TRIG/U_TM/G_NMU[1].U_M/U_MU/I_MUT_GANDX.
U_match/I_CS_GANDX.U_CS_GANDX_SRL/I_A7.U_CS_GANDX_SRL_A7/U_CS_GAND_SRL_A7/I_USE_
RPM_NE0.U_GAND_SRL_SET/I_WHOLE_SLICE.G_SLICE_IDX[0].U_GAND_SRL_SLICE/XST_GND
VCC
		debug_inst.ila_inst/U0/I_NO_D.U_ILA/U_TRIG/U_TM/G_NMU[1].U_M/U_MU/I_MUT_GANDX.
U_match/I_CS_GANDX.U_CS_GANDX_SRL/I_A7.U_CS_GANDX_SRL_A7/U_CS_GAND_SRL_A7/I_USE_
RPM_NE0.U_GAND_SRL_SET/I_WHOLE_SLICE.G_SLICE_IDX[0].U_GAND_SRL_SLICE/XST_VCC
GND
		debug_inst.ila_inst/U0/I_NO_D.U_ILA/U_TRIG/U_TM/G_NMU[1].U_M/U_MU/I_MUT_GANDX.
U_match/I_CS_GANDX.U_CS_GANDX_SRL/I_A7.U_CS_GANDX_SRL_A7/U_CS_GAND_SRL_A7/I_USE_
RPM_NE0.U_GAND_SRL_SET/I_WHOLE_SLICE.G_SLICE_IDX[1].U_GAND_SRL_SLICE/XST_GND
GND
		debug_inst.ila_inst/U0/I_NO_D.U_ILA/U_TRIG/U_TM/G_NMU[1].U_M/U_MU/I_MUT_GANDX.
U_match/I_CS_GANDX.U_CS_GANDX_SRL/I_A7.U_CS_GANDX_SRL_A7/U_CS_GAND_SRL_A7/I_USE_
RPM_NE0.U_GAND_SRL_SET/I_WHOLE_SLICE.G_SLICE_IDX[2].U_GAND_SRL_SLICE/XST_GND
GND
		debug_inst.ila_inst/U0/I_NO_D.U_ILA/U_TRIG/U_TM/G_NMU[1].U_M/U_MU/I_MUT_GANDX.
U_match/I_CS_GANDX.U_CS_GANDX_SRL/I_A7.U_CS_GANDX_SRL_A7/U_CS_GAND_SRL_A7/I_USE_
RPM_NE0.U_GAND_SRL_SET/I_WHOLE_SLICE.G_SLICE_IDX[3].U_GAND_SRL_SLICE/XST_GND
GND
		debug_inst.ila_inst/U0/I_NO_D.U_ILA/U_TRIG/U_TM/G_NMU[1].U_M/U_MU/I_MUT_GANDX.
U_match/I_CS_GANDX.U_CS_GANDX_SRL/I_A7.U_CS_GANDX_SRL_A7/U_CS_GAND_SRL_A7/I_USE_
RPM_NE0.U_GAND_SRL_SET/I_WHOLE_SLICE.G_SLICE_IDX[4].U_GAND_SRL_SLICE/XST_GND
GND
		debug_inst.ila_inst/U0/I_NO_D.U_ILA/U_TRIG/U_TM/G_NMU[1].U_M/U_MU/I_MUT_GANDX.
U_match/I_CS_GANDX.U_CS_GANDX_SRL/I_A7.U_CS_GANDX_SRL_A7/U_CS_GAND_SRL_A7/I_USE_
RPM_NE0.U_GAND_SRL_SET/I_WHOLE_SLICE.G_SLICE_IDX[5].U_GAND_SRL_SLICE/XST_GND
GND
		debug_inst.ila_inst/U0/I_NO_D.U_ILA/U_TRIG/U_TM/G_NMU[1].U_M/U_MU/I_MUT_GANDX.
U_match/I_CS_GANDX.U_CS_GANDX_SRL/I_A7.U_CS_GANDX_SRL_A7/U_CS_GAND_SRL_A7/I_USE_
RPM_NE0.U_GAND_SRL_SET/I_WHOLE_SLICE.G_SLICE_IDX[6].U_GAND_SRL_SLICE/XST_GND
GND
		debug_inst.ila_inst/U0/I_NO_D.U_ILA/U_TRIG/U_TM/G_NMU[1].U_M/U_MU/I_MUT_GANDX.
U_match/I_CS_GANDX.U_CS_GANDX_SRL/I_A7.U_CS_GANDX_SRL_A7/U_CS_GAND_SRL_A7/I_USE_
RPM_NE0.U_GAND_SRL_SET/I_WHOLE_SLICE.G_SLICE_IDX[7].U_GAND_SRL_SLICE/XST_GND
GND
		debug_inst.ila_inst/U0/I_NO_D.U_ILA/U_TRIG/U_TM/G_NMU[1].U_M/U_MU/I_MUT_GANDX.
U_match/I_CS_GANDX.U_CS_GANDX_SRL/I_A7.U_CS_GANDX_SRL_A7/U_CS_GAND_SRL_A7/I_USE_
RPM_NE0.U_GAND_SRL_SET/I_WHOLE_SLICE.G_SLICE_IDX[8].U_GAND_SRL_SLICE/XST_GND
GND
		debug_inst.ila_inst/U0/I_NO_D.U_ILA/U_TRIG/U_TM/G_NMU[1].U_M/U_MU/I_MUT_GANDX.
U_match/I_CS_GANDX.U_CS_GANDX_SRL/I_A7.U_CS_GANDX_SRL_A7/U_CS_GAND_SRL_A7/I_USE_
RPM_NE0.U_GAND_SRL_SET/I_WHOLE_SLICE.G_SLICE_IDX[9].U_GAND_SRL_SLICE/XST_GND
VCC
		debug_inst.ila_inst/U0/I_NO_D.U_ILA/U_TRIG/U_TM/G_NMU[1].U_M/U_MU/I_MUT_GANDX.
U_match/I_CS_GANDX.U_CS_GANDX_SRL/I_A7.U_CS_GANDX_SRL_A7/U_CS_GAND_SRL_A7/I_USE_
RPM_NE0.U_GAND_SRL_SET/I_WHOLE_SLICE.G_SLICE_IDX[9].U_GAND_SRL_SLICE/XST_VCC
GND 		debug_inst.ila_inst/XST_GND
VCC 		debug_inst.ila_inst/XST_VCC
GND 		debug_inst.your_instance_name/XST_GND
VCC 		debug_inst.your_instance_name/XST_VCC

To enable printing of redundant blocks removed and signals merged, set the
detailed map report option and rerun map.

Section 6 - IOB Properties
--------------------------

+---------------------------------------------------------------------------------------------------------------------------------------------------------+
| IOB Name                           | Type             | Direction | IO Standard          | Diff  | Drive    | Slew | Reg (s)      | Resistor | IOB      |
|                                    |                  |           |                      | Term  | Strength | Rate |              |          | Delay    |
+---------------------------------------------------------------------------------------------------------------------------------------------------------+
| BTN<1>                             | IOB33            | INPUT     | LVCMOS33             |       |          |      |              | PULLDOWN |          |
| BTN<2>                             | IOB33            | INPUT     | LVCMOS33             |       |          |      |              | PULLDOWN |          |
| BTN<3>                             | IOB33            | INPUT     | LVCMOS33             |       |          |      |              | PULLDOWN |          |
| BTN<4>                             | IOB33            | INPUT     | LVCMOS33             |       |          |      |              | PULLDOWN |          |
| BTN<5>                             | IOB33            | INPUT     | LVCMOS33             |       |          |      |              | PULLDOWN |          |
| an<0>                              | IOB33            | OUTPUT    | LVCMOS33             |       | 12       | SLOW |              |          |          |
| an<1>                              | IOB33            | OUTPUT    | LVCMOS33             |       | 12       | SLOW |              |          |          |
| an<2>                              | IOB33            | OUTPUT    | LVCMOS33             |       | 12       | SLOW |              |          |          |
| an<3>                              | IOB33            | OUTPUT    | LVCMOS33             |       | 12       | SLOW |              |          |          |
| an<4>                              | IOB33            | OUTPUT    | LVCMOS33             |       | 12       | SLOW |              |          |          |
| an<5>                              | IOB33            | OUTPUT    | LVCMOS33             |       | 12       | SLOW |              |          |          |
| an<6>                              | IOB33            | OUTPUT    | LVCMOS33             |       | 12       | SLOW |              |          |          |
| an<7>                              | IOB33            | OUTPUT    | LVCMOS33             |       | 12       | SLOW |              |          |          |
| clk_sys                            | IOB33            | INPUT     | LVCMOS33             |       |          |      |              |          |          |
| f_out                              | IOB33            | OUTPUT    | LVCMOS33             |       | 12       | SLOW |              |          |          |
| rst                                | IOB33            | INPUT     | LVCMOS33             |       |          |      |              | PULLUP   |          |
| sseg<0>                            | IOB33            | OUTPUT    | LVCMOS33             |       | 12       | SLOW |              | PULLDOWN |          |
| sseg<1>                            | IOB33            | OUTPUT    | LVCMOS33             |       | 12       | SLOW |              | PULLDOWN |          |
| sseg<2>                            | IOB33            | OUTPUT    | LVCMOS33             |       | 12       | SLOW |              | PULLDOWN |          |
| sseg<3>                            | IOB33            | OUTPUT    | LVCMOS33             |       | 12       | SLOW |              | PULLDOWN |          |
| sseg<4>                            | IOB33            | OUTPUT    | LVCMOS33             |       | 12       | SLOW |              | PULLDOWN |          |
| sseg<5>                            | IOB33            | OUTPUT    | LVCMOS33             |       | 12       | SLOW |              | PULLDOWN |          |
| sseg<6>                            | IOB33            | OUTPUT    | LVCMOS33             |       | 12       | SLOW |              | PULLDOWN |          |
+---------------------------------------------------------------------------------------------------------------------------------------------------------+

Section 7 - RPMs
----------------
debug_inst.ila_inst/U0/I_NO_D.U_ILA/U_G2_SQ.U_CAPCTRL/U_CAP_ADDRGEN/U_SCNT_CMP/I
_CS_GAND.U_CS_GAND_SRL/I_A7.U_CS_GAND_SRL_A7/I_USE_RPM_NE0.U_GAND_SRL_SET/MSET
debug_inst.ila_inst/U0/I_NO_D.U_ILA/U_G2_SQ.U_CAPCTRL/U_CAP_ADDRGEN/U_WCNT_HCMP/
I_CS_GAND.U_CS_GAND_SRL/I_A7.U_CS_GAND_SRL_A7/I_USE_RPM_NE0.U_GAND_SRL_SET/MSET
debug_inst.ila_inst/U0/I_NO_D.U_ILA/U_G2_SQ.U_CAPCTRL/U_CAP_ADDRGEN/U_WCNT_LCMP/
I_CS_GAND.U_CS_GAND_SRL/I_A7.U_CS_GAND_SRL_A7/I_USE_RPM_NE0.U_GAND_SRL_SET/MSET
debug_inst.ila_inst/U0/I_NO_D.U_ILA/U_G2_SQ.U_CAPCTRL_I_SRLT_NE_1.U_CDONE_MSET
debug_inst.ila_inst/U0/I_NO_D.U_ILA/U_G2_SQ.U_CAPCTRL_I_SRLT_NE_1.U_CMPRESET_MSE
T
debug_inst.ila_inst/U0/I_NO_D.U_ILA/U_G2_SQ.U_CAPCTRL_I_SRLT_NE_1.U_NS0_MSET
debug_inst.ila_inst/U0/I_NO_D.U_ILA/U_G2_SQ.U_CAPCTRL_I_SRLT_NE_1.U_NS1_MSET
debug_inst.ila_inst/U0/I_NO_D.U_ILA/U_G2_SQ.U_CAPCTRL_I_SRLT_NE_1.U_SCRST_MSET
debug_inst.ila_inst/U0/I_NO_D.U_ILA/U_TRIG/U_TM/G_NMU[0].U_M/U_MU/I_MUT_GANDX.U_
match/I_CS_GANDX.U_CS_GANDX_SRL/I_A7.U_CS_GANDX_SRL_A7/U_CS_GAND_SRL_A7/I_USE_RP
M_NE0.U_GAND_SRL_SET/MSET
debug_inst.ila_inst/U0/I_NO_D.U_ILA/U_TRIG/U_TM/G_NMU[1].U_M/U_MU/I_MUT_GANDX.U_
match/I_CS_GANDX.U_CS_GANDX_SRL/I_A7.U_CS_GANDX_SRL_A7/U_CS_GAND_SRL_A7/I_USE_RP
M_NE0.U_GAND_SRL_SET/MSET

Section 8 - Guide Report
------------------------
Guide not run on this design.

Section 9 - Area Group and Partition Summary
--------------------------------------------

Partition Implementation Status
-------------------------------

  No Partitions were found in this design.

-------------------------------

Area Group Information
----------------------

  No area groups were found in this design.

----------------------

Section 10 - Timing Report
--------------------------
A logic-level (pre-route) timing report can be generated by using Xilinx static
timing analysis tools, Timing Analyzer (GUI) or TRCE (command line), with the
mapped NCD and PCF files. Please note that this timing report will be generated
using estimated delay information. For accurate numbers, please generate a
timing report with the post Place and Route NCD file.

For more information about the Timing Analyzer, consult the Xilinx Timing
Analyzer Reference Manual; for more information about TRCE, consult the Xilinx
Command Line Tools User Guide "TRACE" chapter.

Section 11 - Configuration String Details
-----------------------------------------
Use the "-detail" map option to print out Configuration Strings

Section 12 - Control Set Information
------------------------------------
Use the "-detail" map option to print out Control Set Information.

Section 13 - Utilization by Hierarchy
-------------------------------------
Use the "-detail" map option to print out the Utilization by Hierarchy section.
